INFO:root:SGD Classifier parameters: penalty=None, max_iter=1000, tol=0.001
INFO:root:Training accuracy: 0.7074517019319227
INFO:root:Testing accuracy: 0.7058823529411765
INFO:root:MSE: 0.29411764705882354
INFO:root:Classification report:
              precision    recall  f1-score   support

           0       0.62      0.75      0.68       113
           1       0.79      0.67      0.73       159

    accuracy                           0.71       272
   macro avg       0.71      0.71      0.70       272
weighted avg       0.72      0.71      0.71       272

INFO:root:Confusion matrix:
[[ 85  28]
 [ 52 107]]
INFO:root:SGD Classifier parameters: penalty=None, max_iter=1000, tol=0.0001
INFO:root:Training accuracy: 0.7230910763569457
INFO:root:Testing accuracy: 0.7463235294117647
INFO:root:MSE: 0.2536764705882353
INFO:root:Classification report:
              precision    recall  f1-score   support

           0       0.66      0.81      0.73       113
           1       0.84      0.70      0.76       159

    accuracy                           0.75       272
   macro avg       0.75      0.75      0.74       272
weighted avg       0.76      0.75      0.75       272

INFO:root:Confusion matrix:
[[ 91  22]
 [ 47 112]]
INFO:root:SGD Classifier parameters: penalty=None, max_iter=1000, tol=1e-05
INFO:root:Training accuracy: 0.6025758969641214
INFO:root:Testing accuracy: 0.625
INFO:root:MSE: 0.375
INFO:root:Classification report:
              precision    recall  f1-score   support

           0       0.54      0.63      0.58       113
           1       0.70      0.62      0.66       159

    accuracy                           0.62       272
   macro avg       0.62      0.63      0.62       272
weighted avg       0.64      0.62      0.63       272

INFO:root:Confusion matrix:
[[71 42]
 [60 99]]
INFO:root:SGD Classifier parameters: penalty=None, max_iter=1500, tol=0.001
INFO:root:Training accuracy: 0.6697332106715731
INFO:root:Testing accuracy: 0.7463235294117647
INFO:root:MSE: 0.2536764705882353
INFO:root:Classification report:
              precision    recall  f1-score   support

           0       0.72      0.63      0.67       113
           1       0.76      0.83      0.79       159

    accuracy                           0.75       272
   macro avg       0.74      0.73      0.73       272
weighted avg       0.74      0.75      0.74       272

INFO:root:Confusion matrix:
[[ 71  42]
 [ 27 132]]
INFO:root:SGD Classifier parameters: penalty=None, max_iter=1500, tol=0.0001
INFO:root:Training accuracy: 0.7332106715731371
INFO:root:Testing accuracy: 0.7205882352941176
INFO:root:MSE: 0.27941176470588236
INFO:root:Classification report:
              precision    recall  f1-score   support

           0       0.65      0.73      0.68       113
           1       0.79      0.72      0.75       159

    accuracy                           0.72       272
   macro avg       0.72      0.72      0.72       272
weighted avg       0.73      0.72      0.72       272

INFO:root:Confusion matrix:
[[ 82  31]
 [ 45 114]]
INFO:root:SGD Classifier parameters: penalty=None, max_iter=1500, tol=1e-05
INFO:root:Training accuracy: 0.7148114075436982
INFO:root:Testing accuracy: 0.7169117647058824
INFO:root:MSE: 0.28308823529411764
INFO:root:Classification report:
              precision    recall  f1-score   support

           0       0.62      0.83      0.71       113
           1       0.84      0.64      0.72       159

    accuracy                           0.72       272
   macro avg       0.73      0.73      0.72       272
weighted avg       0.75      0.72      0.72       272

INFO:root:Confusion matrix:
[[ 94  19]
 [ 58 101]]
INFO:root:SGD Classifier parameters: penalty=None, max_iter=2000, tol=0.001
INFO:root:Training accuracy: 0.7295308187672493
INFO:root:Testing accuracy: 0.7279411764705882
INFO:root:MSE: 0.27205882352941174
INFO:root:Classification report:
              precision    recall  f1-score   support

           0       0.65      0.76      0.70       113
           1       0.81      0.70      0.75       159

    accuracy                           0.73       272
   macro avg       0.73      0.73      0.73       272
weighted avg       0.74      0.73      0.73       272

INFO:root:Confusion matrix:
[[ 86  27]
 [ 47 112]]
INFO:root:SGD Classifier parameters: penalty=None, max_iter=2000, tol=0.0001
INFO:root:Training accuracy: 0.6964121435142594
INFO:root:Testing accuracy: 0.6838235294117647
INFO:root:MSE: 0.3161764705882353
INFO:root:Classification report:
              precision    recall  f1-score   support

           0       0.60      0.72      0.65       113
           1       0.77      0.66      0.71       159

    accuracy                           0.68       272
   macro avg       0.68      0.69      0.68       272
weighted avg       0.70      0.68      0.69       272

INFO:root:Confusion matrix:
[[ 81  32]
 [ 54 105]]
INFO:root:SGD Classifier parameters: penalty=None, max_iter=2000, tol=1e-05
INFO:root:Training accuracy: 0.7157313707451702
INFO:root:Testing accuracy: 0.7573529411764706
INFO:root:MSE: 0.2426470588235294
INFO:root:Classification report:
              precision    recall  f1-score   support

           0       0.71      0.71      0.71       113
           1       0.79      0.79      0.79       159

    accuracy                           0.76       272
   macro avg       0.75      0.75      0.75       272
weighted avg       0.76      0.76      0.76       272

INFO:root:Confusion matrix:
[[ 80  33]
 [ 33 126]]
INFO:root:SGD Classifier parameters: penalty=l2, max_iter=1000, tol=0.001
INFO:root:Training accuracy: 0.7111315547378105
INFO:root:Testing accuracy: 0.7095588235294118
INFO:root:MSE: 0.29044117647058826
INFO:root:Classification report:
              precision    recall  f1-score   support

           0       0.65      0.65      0.65       113
           1       0.75      0.75      0.75       159

    accuracy                           0.71       272
   macro avg       0.70      0.70      0.70       272
weighted avg       0.71      0.71      0.71       272

INFO:root:Confusion matrix:
[[ 73  40]
 [ 39 120]]
INFO:root:SGD Classifier parameters: penalty=l2, max_iter=1000, tol=0.0001
INFO:root:Training accuracy: 0.7295308187672493
INFO:root:Testing accuracy: 0.7205882352941176
INFO:root:MSE: 0.27941176470588236
INFO:root:Classification report:
              precision    recall  f1-score   support

           0       0.65      0.71      0.68       113
           1       0.78      0.73      0.75       159

    accuracy                           0.72       272
   macro avg       0.71      0.72      0.72       272
weighted avg       0.73      0.72      0.72       272

INFO:root:Confusion matrix:
[[ 80  33]
 [ 43 116]]
INFO:root:SGD Classifier parameters: penalty=l2, max_iter=1000, tol=1e-05
INFO:root:Training accuracy: 0.6816927322907084
INFO:root:Testing accuracy: 0.7389705882352942
INFO:root:MSE: 0.2610294117647059
INFO:root:Classification report:
              precision    recall  f1-score   support

           0       0.71      0.64      0.67       113
           1       0.76      0.81      0.78       159

    accuracy                           0.74       272
   macro avg       0.73      0.72      0.73       272
weighted avg       0.74      0.74      0.74       272

INFO:root:Confusion matrix:
[[ 72  41]
 [ 30 129]]
INFO:root:SGD Classifier parameters: penalty=l2, max_iter=1500, tol=0.001
INFO:root:Training accuracy: 0.6761729530818767
INFO:root:Testing accuracy: 0.75
INFO:root:MSE: 0.25
INFO:root:Classification report:
              precision    recall  f1-score   support

           0       0.79      0.54      0.64       113
           1       0.73      0.90      0.81       159

    accuracy                           0.75       272
   macro avg       0.76      0.72      0.73       272
weighted avg       0.76      0.75      0.74       272

INFO:root:Confusion matrix:
[[ 61  52]
 [ 16 143]]
INFO:root:SGD Classifier parameters: penalty=l2, max_iter=1500, tol=0.0001
INFO:root:Training accuracy: 0.7157313707451702
INFO:root:Testing accuracy: 0.7058823529411765
INFO:root:MSE: 0.29411764705882354
INFO:root:Classification report:
              precision    recall  f1-score   support

           0       0.62      0.75      0.68       113
           1       0.79      0.67      0.73       159

    accuracy                           0.71       272
   macro avg       0.71      0.71      0.70       272
weighted avg       0.72      0.71      0.71       272

INFO:root:Confusion matrix:
[[ 85  28]
 [ 52 107]]
INFO:root:SGD Classifier parameters: penalty=l2, max_iter=1500, tol=1e-05
INFO:root:Training accuracy: 0.6789328426862925
INFO:root:Testing accuracy: 0.6727941176470589
INFO:root:MSE: 0.3272058823529412
INFO:root:Classification report:
              precision    recall  f1-score   support

           0       0.60      0.63      0.61       113
           1       0.73      0.70      0.72       159

    accuracy                           0.67       272
   macro avg       0.66      0.67      0.67       272
weighted avg       0.68      0.67      0.67       272

INFO:root:Confusion matrix:
[[ 71  42]
 [ 47 112]]
INFO:root:SGD Classifier parameters: penalty=l2, max_iter=2000, tol=0.001
INFO:root:Training accuracy: 0.7102115915363385
INFO:root:Testing accuracy: 0.6948529411764706
INFO:root:MSE: 0.30514705882352944
INFO:root:Classification report:
              precision    recall  f1-score   support

           0       0.62      0.71      0.66       113
           1       0.77      0.69      0.72       159

    accuracy                           0.69       272
   macro avg       0.69      0.70      0.69       272
weighted avg       0.70      0.69      0.70       272

INFO:root:Confusion matrix:
[[ 80  33]
 [ 50 109]]
INFO:root:SGD Classifier parameters: penalty=l2, max_iter=2000, tol=0.0001
INFO:root:Training accuracy: 0.7230910763569457
INFO:root:Testing accuracy: 0.7316176470588235
INFO:root:MSE: 0.26838235294117646
INFO:root:Classification report:
              precision    recall  f1-score   support

           0       0.69      0.65      0.67       113
           1       0.76      0.79      0.77       159

    accuracy                           0.73       272
   macro avg       0.72      0.72      0.72       272
weighted avg       0.73      0.73      0.73       272

INFO:root:Confusion matrix:
[[ 74  39]
 [ 34 125]]
INFO:root:SGD Classifier parameters: penalty=l2, max_iter=2000, tol=1e-05
INFO:root:Training accuracy: 0.7249310027598896
INFO:root:Testing accuracy: 0.7095588235294118
INFO:root:MSE: 0.29044117647058826
INFO:root:Classification report:
              precision    recall  f1-score   support

           0       0.61      0.81      0.70       113
           1       0.82      0.64      0.72       159

    accuracy                           0.71       272
   macro avg       0.72      0.72      0.71       272
weighted avg       0.74      0.71      0.71       272

INFO:root:Confusion matrix:
[[ 91  22]
 [ 57 102]]
INFO:root:SGD Classifier parameters: penalty=l1, max_iter=1000, tol=0.001
INFO:root:Training accuracy: 0.7304507819687213
INFO:root:Testing accuracy: 0.7058823529411765
INFO:root:MSE: 0.29411764705882354
INFO:root:Classification report:
              precision    recall  f1-score   support

           0       0.65      0.64      0.64       113
           1       0.75      0.75      0.75       159

    accuracy                           0.71       272
   macro avg       0.70      0.70      0.70       272
weighted avg       0.71      0.71      0.71       272

INFO:root:Confusion matrix:
[[ 72  41]
 [ 39 120]]
INFO:root:SGD Classifier parameters: penalty=l1, max_iter=1000, tol=0.0001
INFO:root:Training accuracy: 0.7046918123275069
INFO:root:Testing accuracy: 0.6764705882352942
INFO:root:MSE: 0.3235294117647059
INFO:root:Classification report:
              precision    recall  f1-score   support

           0       0.58      0.79      0.67       113
           1       0.80      0.60      0.68       159

    accuracy                           0.68       272
   macro avg       0.69      0.69      0.68       272
weighted avg       0.71      0.68      0.68       272

INFO:root:Confusion matrix:
[[89 24]
 [64 95]]
INFO:root:SGD Classifier parameters: penalty=l1, max_iter=1000, tol=1e-05
INFO:root:Training accuracy: 0.7019319227230911
INFO:root:Testing accuracy: 0.7279411764705882
INFO:root:MSE: 0.27205882352941174
INFO:root:Classification report:
              precision    recall  f1-score   support

           0       0.72      0.56      0.63       113
           1       0.73      0.85      0.78       159

    accuracy                           0.73       272
   macro avg       0.73      0.70      0.71       272
weighted avg       0.73      0.73      0.72       272

INFO:root:Confusion matrix:
[[ 63  50]
 [ 24 135]]
INFO:root:SGD Classifier parameters: penalty=l1, max_iter=1500, tol=0.001
INFO:root:Training accuracy: 0.6421343146274149
INFO:root:Testing accuracy: 0.6323529411764706
INFO:root:MSE: 0.36764705882352944
INFO:root:Classification report:
              precision    recall  f1-score   support

           0       0.54      0.76      0.63       113
           1       0.76      0.54      0.63       159

    accuracy                           0.63       272
   macro avg       0.65      0.65      0.63       272
weighted avg       0.67      0.63      0.63       272

INFO:root:Confusion matrix:
[[86 27]
 [73 86]]
INFO:root:SGD Classifier parameters: penalty=l1, max_iter=1500, tol=0.0001
INFO:root:Training accuracy: 0.6918123275068997
INFO:root:Testing accuracy: 0.7389705882352942
INFO:root:MSE: 0.2610294117647059
INFO:root:Classification report:
              precision    recall  f1-score   support

           0       0.71      0.62      0.66       113
           1       0.75      0.82      0.79       159

    accuracy                           0.74       272
   macro avg       0.73      0.72      0.73       272
weighted avg       0.74      0.74      0.74       272

INFO:root:Confusion matrix:
[[ 70  43]
 [ 28 131]]
INFO:root:SGD Classifier parameters: penalty=l1, max_iter=1500, tol=1e-05
INFO:root:Training accuracy: 0.7221711131554738
INFO:root:Testing accuracy: 0.6948529411764706
INFO:root:MSE: 0.30514705882352944
INFO:root:Classification report:
              precision    recall  f1-score   support

           0       0.61      0.74      0.67       113
           1       0.78      0.66      0.72       159

    accuracy                           0.69       272
   macro avg       0.70      0.70      0.69       272
weighted avg       0.71      0.69      0.70       272

INFO:root:Confusion matrix:
[[ 84  29]
 [ 54 105]]
INFO:root:SGD Classifier parameters: penalty=l1, max_iter=2000, tol=0.001
INFO:root:Training accuracy: 0.7212511499540019
INFO:root:Testing accuracy: 0.7058823529411765
INFO:root:MSE: 0.29411764705882354
INFO:root:Classification report:
              precision    recall  f1-score   support

           0       0.62      0.75      0.68       113
           1       0.79      0.67      0.73       159

    accuracy                           0.71       272
   macro avg       0.71      0.71      0.70       272
weighted avg       0.72      0.71      0.71       272

INFO:root:Confusion matrix:
[[ 85  28]
 [ 52 107]]
INFO:root:SGD Classifier parameters: penalty=l1, max_iter=2000, tol=0.0001
INFO:root:Training accuracy: 0.6964121435142594
INFO:root:Testing accuracy: 0.7352941176470589
INFO:root:MSE: 0.2647058823529412
INFO:root:Classification report:
              precision    recall  f1-score   support

           0       0.67      0.72      0.69       113
           1       0.79      0.75      0.77       159

    accuracy                           0.74       272
   macro avg       0.73      0.73      0.73       272
weighted avg       0.74      0.74      0.74       272

INFO:root:Confusion matrix:
[[ 81  32]
 [ 40 119]]
INFO:root:SGD Classifier parameters: penalty=l1, max_iter=2000, tol=1e-05
INFO:root:Training accuracy: 0.7111315547378105
INFO:root:Testing accuracy: 0.6948529411764706
INFO:root:MSE: 0.30514705882352944
INFO:root:Classification report:
              precision    recall  f1-score   support

           0       0.61      0.74      0.67       113
           1       0.78      0.66      0.72       159

    accuracy                           0.69       272
   macro avg       0.70      0.70      0.69       272
weighted avg       0.71      0.69      0.70       272

INFO:root:Confusion matrix:
[[ 84  29]
 [ 54 105]]
